<?xml version="1.0" encoding="UTF-8"?>
<!-- Generated by org.testng.reporters.JUnitReportReporter -->
<testsuite hostname="DESKTOP-H2MOL6B" failures="0" tests="1" name="com.zoopla.myrunner.MyRunner" time="7.683" errors="0" timestamp="02 Sep 2022 05:05:43 GMT" skipped="0">
  <testcase classname="com.zoopla.myrunner.MyRunner" name="runScenario" time="7.683"/>
</testsuite> <!-- com.zoopla.myrunner.MyRunner -->
