<?xml version="1.0" encoding="UTF-8"?>
<!-- Generated by org.testng.reporters.JUnitReportReporter -->
<testsuite hostname="DESKTOP-H2MOL6B" failures="0" tests="1" name="com.zoopla.myrunner.ZooplaMyRunner" time="0.007" errors="0" timestamp="17 Aug 2022 04:29:15 GMT" skipped="0">
  <testcase classname="com.zoopla.myrunner.ZooplaMyRunner" name="feature" time="0.007"/>
</testsuite> <!-- com.zoopla.myrunner.ZooplaMyRunner -->
